<?xml version="1.0" encoding="UTF-8"?>
<!-- Generated by org.testng.reporters.JUnitReportReporter -->
<testsuite skipped="0" hostname="shubhangi-HP-ProBook-4440s" name="WebservicesTest.Landlord3" tests="2" failures="0" timestamp="11 Apr 2018 05:41:05 GMT" time="2.403" errors="0">
  <testcase name="postApartment" time="0.161" classname="WebservicesTest.Landlord3"/>
  <testcase name="postBody" time="2.242" classname="WebservicesTest.Landlord3"/>
</testsuite> <!-- WebservicesTest.Landlord3 -->
