<?xml version="1.0" encoding="UTF-8"?>
<!-- Generated by org.testng.reporters.JUnitReportReporter -->
<testsuite skipped="0" hostname="shubhangi-HP-ProBook-4440s" name="com.testing.LandlordApi" tests="3" failures="0" timestamp="10 Apr 2018 06:30:14 GMT" time="2.344" errors="0">
  <testcase name="postBody" time="2.210" classname="com.testing.LandlordApi"/>
  <testcase name="putMethod" time="0.056" classname="com.testing.LandlordApi"/>
  <testcase name="getid" time="0.078" classname="com.testing.LandlordApi"/>
</testsuite> <!-- com.testing.LandlordApi -->
