<?xml version="1.0" encoding="UTF-8"?>
<!-- Generated by org.testng.reporters.JUnitReportReporter -->
<testsuite skipped="0" hostname="shubhangi-HP-ProBook-4440s" name="com.testing.p" tests="2" failures="0" timestamp="7 Apr 2018 19:28:03 GMT" time="3.634" errors="0">
  <testcase name="addPlaceWithPojo" time="3.352" classname="com.testing.p"/>
  <testcase name="postBody" time="0.282" classname="com.testing.p"/>
</testsuite> <!-- com.testing.p -->
