<?xml version="1.0" encoding="UTF-8"?>
<!-- Generated by org.testng.reporters.JUnitReportReporter -->
<testsuite skipped="0" hostname="shubhangi-HP-ProBook-4440s" name="SeleniumTest.SeleniumTestScript_3" tests="1" failures="0" timestamp="17 Apr 2018 07:05:39 GMT" time="57.579" errors="0">
  <testcase name="TestAllTabsPage_TC03" time="57.579" classname="SeleniumTest.SeleniumTestScript_3"/>
</testsuite> <!-- SeleniumTest.SeleniumTestScript_3 -->
