<?xml version="1.0" encoding="UTF-8"?>
<!-- Generated by org.testng.reporters.JUnitReportReporter -->
<testsuite skipped="0" hostname="shubhangi-HP-ProBook-4440s" name="WebservicesTest.LandlordTest" tests="1" failures="0" timestamp="10 Apr 2018 06:44:41 GMT" time="2.406" errors="0">
  <testcase name="postWithPojo" time="2.406" classname="WebservicesTest.LandlordTest"/>
</testsuite> <!-- WebservicesTest.LandlordTest -->
