<?xml version="1.0" encoding="UTF-8"?>
<!-- Generated by org.testng.reporters.JUnitReportReporter -->
<testsuite skipped="0" hostname="shubhangi-HP-ProBook-4440s" name="com.testing.groupkt" tests="1" failures="0" timestamp="31 Mar 2018 01:19:09 GMT" time="3.146" errors="0">
  <testcase name="getInfo2" time="3.146" classname="com.testing.groupkt"/>
</testsuite> <!-- com.testing.groupkt -->
