<?xml version="1.0" encoding="UTF-8"?>
<!-- Generated by org.testng.reporters.JUnitReportReporter -->
<testsuite skipped="0" hostname="shubhangi-HP-ProBook-4440s" name="com.testing.LandlordApi2" tests="2" failures="0" timestamp="11 Apr 2018 05:35:44 GMT" time="2.546" errors="0">
  <testcase name="postApartment" time="0.172" classname="com.testing.LandlordApi2"/>
  <testcase name="postBody" time="2.374" classname="com.testing.LandlordApi2"/>
</testsuite> <!-- com.testing.LandlordApi2 -->
