<?xml version="1.0" encoding="UTF-8"?>
<!-- Generated by org.testng.reporters.JUnitReportReporter -->
<testsuite skipped="0" hostname="shubhangi-HP-ProBook-4440s" name="com.testing.GroupktTest2" tests="1" failures="0" timestamp="3 Apr 2018 00:02:23 GMT" time="3.976" errors="0">
  <testcase name="getInfo2" time="3.976" classname="com.testing.GroupktTest2"/>
</testsuite> <!-- com.testing.GroupktTest2 -->
