<?xml version="1.0" encoding="UTF-8"?>
<!-- Generated by org.testng.reporters.JUnitReportReporter -->
<testsuite skipped="0" hostname="shubhangi-HP-ProBook-4440s" name="WebservicesTest.EmptyLandloard" tests="1" failures="0" timestamp="7 Apr 2018 17:28:32 GMT" time="2.894" errors="0">
  <testcase name="getInfo" time="2.894" classname="WebservicesTest.EmptyLandloard"/>
</testsuite> <!-- WebservicesTest.EmptyLandloard -->
