<?xml version="1.0" encoding="UTF-8"?>
<!-- Generated by org.testng.reporters.JUnitReportReporter -->
<testsuite skipped="0" hostname="shubhangi-HP-ProBook-4440s" name="WebservicesTest.LandlordAutomation" tests="1" failures="0" timestamp="10 Apr 2018 07:22:52 GMT" time="3.763" errors="0">
  <testcase name="postWithPojo" time="3.763" classname="WebservicesTest.LandlordAutomation"/>
</testsuite> <!-- WebservicesTest.LandlordAutomation -->
