<?xml version="1.0" encoding="UTF-8"?>
<!-- Generated by org.testng.reporters.JUnitReportReporter -->
<testsuite skipped="0" hostname="shubhangi-HP-ProBook-4440s" name="SeleniumTest.SeleniumTestScript_2" tests="1" failures="0" timestamp="17 Apr 2018 05:54:58 GMT" time="27.765" errors="0">
  <testcase name="SignUpToXDC_TC02C" time="27.765" classname="SeleniumTest.SeleniumTestScript_2"/>
</testsuite> <!-- SeleniumTest.SeleniumTestScript_2 -->
