<?xml version="1.0" encoding="UTF-8"?>
<!-- Generated by org.testng.reporters.JUnitReportReporter -->
<testsuite skipped="0" hostname="shubhangi-HP-ProBook-4440s" name="SeleniumTest.SeleniumTestScript_4" tests="1" failures="0" timestamp="17 Apr 2018 06:17:12 GMT" time="81.827" errors="0">
  <testcase name="AddAnotherOrganizationTrailversion_TC08A" time="81.827" classname="SeleniumTest.SeleniumTestScript_4"/>
</testsuite> <!-- SeleniumTest.SeleniumTestScript_4 -->
