<?xml version="1.0" encoding="UTF-8"?>
<!-- Generated by org.testng.reporters.JUnitReportReporter -->
<testsuite skipped="0" hostname="shubhangi-HP-ProBook-4440s" name="WebservicesTest.LandlordAutomation2" tests="1" failures="0" timestamp="10 Apr 2018 07:34:06 GMT" time="2.851" errors="0">
  <testcase name="putMethod" time="2.851" classname="WebservicesTest.LandlordAutomation2"/>
</testsuite> <!-- WebservicesTest.LandlordAutomation2 -->
