<?xml version="1.0" encoding="UTF-8"?>
<!-- Generated by org.testng.reporters.JUnitReportReporter -->
<testsuite skipped="0" hostname="shubhangi-HP-ProBook-4440s" name="SeleniumTest.SeleniumTestScript_1" tests="1" failures="0" timestamp="24 Apr 2018 02:17:14 GMT" time="39.480" errors="0">
  <testcase name="NavigateToXERO_TC01" time="39.480" classname="SeleniumTest.SeleniumTestScript_1"/>
</testsuite> <!-- SeleniumTest.SeleniumTestScript_1 -->
