<?xml version="1.0" encoding="UTF-8"?>
<!-- Generated by org.testng.reporters.JUnitReportReporter -->
<testsuite skipped="0" hostname="shubhangi-HP-ProBook-4440s" name="com.testing.GoogleApiTest" tests="3" failures="0" timestamp="10 Apr 2018 06:08:27 GMT" time="3.956" errors="0">
  <testcase name="getDetailsOnPlace" time="1.289" classname="com.testing.GoogleApiTest"/>
  <testcase name="placeAddDelete" time="0.270" classname="com.testing.GoogleApiTest"/>
  <testcase name="addPlaceWithPojo" time="2.397" classname="com.testing.GoogleApiTest"/>
</testsuite> <!-- com.testing.GoogleApiTest -->
